<?xml version="1.0" encoding="UTF-8"?>
<!-- Generated by org.testng.reporters.JUnitReportReporter -->
<testsuite hostname="DESKTOP-S42SFQ5" failures="0" tests="1" name="pagesTest.HomePageTest" time="13.206" errors="0" timestamp="2023-11-19T23:39:59 EST" skipped="0">
  <testcase classname="pagesTest.HomePageTest" name="clickContinueSavedQouteTest" time="13.206"/>
</testsuite> <!-- pagesTest.HomePageTest -->
