<?xml version="1.0" encoding="UTF-8"?>
<!-- Generated by org.testng.reporters.JUnitReportReporter -->
<testsuite hostname="DESKTOP-S42SFQ5" failures="0" tests="1" name="pagesTest.HomePageTest" time="11.106" errors="0" timestamp="2023-11-20T20:01:54 EST" skipped="0">
  <testcase classname="pagesTest.HomePageTest" name="use_of_isSelected_in_check_box" time="11.106"/>
</testsuite> <!-- pagesTest.HomePageTest -->
