<?xml version="1.0" encoding="UTF-8"?>
<!-- Generated by org.testng.reporters.JUnitReportReporter -->
<testsuite hostname="DESKTOP-S42SFQ5" failures="0" tests="6" name="pagesTest.HomePageTest" time="18.546" errors="0" timestamp="2023-11-13T15:11:07 EST" skipped="5">
  <testcase classname="pagesTest.HomePageTest" name="inputZipCodeTest" time="18.546"/>
  <testcase classname="pagesTest.HomePageTest" name="clickMenuTest">
    <skipped/>
  </testcase> <!-- clickMenuTest -->
  <testcase classname="pagesTest.HomePageTest" name="clickLoginTest">
    <skipped/>
  </testcase> <!-- clickLoginTest -->
  <testcase classname="pagesTest.HomePageTest" name="clickAnnouncementTest">
    <skipped/>
  </testcase> <!-- clickAnnouncementTest -->
  <testcase classname="pagesTest.HomePageTest" name="clickLogoTest">
    <skipped/>
  </testcase> <!-- clickLogoTest -->
  <testcase classname="pagesTest.HomePageTest" name="clickZipCodeTest">
    <skipped/>
  </testcase> <!-- clickZipCodeTest -->
</testsuite> <!-- pagesTest.HomePageTest -->
