<?xml version="1.0" encoding="UTF-8"?>
<!-- Generated by org.testng.reporters.JUnitReportReporter -->
<testsuite hostname="DESKTOP-S42SFQ5" failures="0" tests="1" name="pagesTest.HomePageTest" time="37.245" errors="0" timestamp="2023-11-29T11:43:15 EST" skipped="0">
  <testcase classname="pagesTest.HomePageTest" name="use_of_navigate_method" time="37.245"/>
</testsuite> <!-- pagesTest.HomePageTest -->
